TN:
SF:/Users/sergiofiorotti/Documents/Projetos/superhero/server.js
FN:40,(anonymous_0)
FNF:1
FNH:1
FNDA:1,(anonymous_0)
DA:2,1
DA:3,1
DA:4,1
DA:5,1
DA:6,1
DA:9,1
DA:10,1
DA:13,1
DA:16,1
DA:17,1
DA:18,1
DA:21,1
DA:24,1
DA:25,1
DA:28,1
DA:29,1
DA:30,1
DA:31,1
DA:32,1
DA:33,1
DA:36,1
DA:37,1
DA:40,1
DA:41,1
DA:44,1
LF:25
LH:25
BRF:0
BRH:0
end_of_record
TN:
SF:/Users/sergiofiorotti/Documents/Projetos/superhero/app/instance.js
FNF:0
FNH:0
DA:9,1
DA:10,1
DA:12,1
DA:14,1
DA:15,1
DA:17,1
LF:6
LH:6
BRF:0
BRH:0
end_of_record
TN:
SF:/Users/sergiofiorotti/Documents/Projetos/superhero/app/models.js
FN:26,(anonymous_0)
FN:28,(anonymous_1)
FN:43,(anonymous_2)
FNF:3
FNH:3
FNDA:1,(anonymous_0)
FNDA:4,(anonymous_1)
FNDA:4,(anonymous_2)
DA:9,1
DA:10,1
DA:12,1
DA:14,1
DA:15,1
DA:17,1
DA:26,1
DA:27,1
DA:28,1
DA:29,4
DA:30,4
DA:32,1
DA:43,1
DA:44,4
DA:45,4
DA:48,1
LF:16
LH:16
BRF:0
BRH:0
end_of_record
TN:
SF:/Users/sergiofiorotti/Documents/Projetos/superhero/app/routes.js
FN:23,(anonymous_0)
FN:25,(anonymous_1)
FN:34,(anonymous_2)
FNF:3
FNH:3
FNDA:1,(anonymous_0)
FNDA:5,(anonymous_1)
FNDA:1,(anonymous_2)
DA:9,1
DA:10,1
DA:12,1
DA:23,1
DA:24,1
DA:25,1
DA:26,5
DA:27,5
DA:34,1
LF:9
LH:9
BRF:0
BRH:0
end_of_record
TN:
SF:/Users/sergiofiorotti/Documents/Projetos/superhero/app/common/controllerCommon.js
FN:8,(anonymous_0)
FN:11,(anonymous_1)
FN:20,(anonymous_2)
FN:27,(anonymous_3)
FN:34,(anonymous_4)
FN:41,(anonymous_5)
FNF:6
FNH:6
FNDA:3,(anonymous_0)
FNDA:3,(anonymous_1)
FNDA:2,(anonymous_2)
FNDA:3,(anonymous_3)
FNDA:3,(anonymous_4)
FNDA:3,(anonymous_5)
DA:8,1
DA:9,3
DA:11,3
DA:12,3
DA:13,3
DA:14,3
DA:15,3
DA:17,3
DA:18,3
DA:20,3
DA:21,2
DA:22,2
DA:24,2
DA:25,2
DA:27,3
DA:28,3
DA:29,3
DA:31,3
DA:32,3
DA:34,3
DA:35,3
DA:36,3
DA:38,3
DA:39,3
DA:41,3
DA:42,3
DA:43,3
DA:45,3
DA:46,3
DA:48,3
DA:57,1
LF:31
LH:31
BRF:0
BRH:0
end_of_record
TN:
SF:/Users/sergiofiorotti/Documents/Projetos/superhero/app/common/serviceCommon.js
FN:8,(anonymous_0)
FN:11,(anonymous_1)
FN:17,(anonymous_2)
FN:20,(anonymous_3)
FN:23,(anonymous_4)
FN:26,(anonymous_5)
FN:30,(anonymous_6)
FN:33,(anonymous_7)
FNF:8
FNH:7
FNDA:5,(anonymous_0)
FNDA:3,(anonymous_1)
FNDA:0,(anonymous_2)
FNDA:2,(anonymous_3)
FNDA:3,(anonymous_4)
FNDA:12,(anonymous_5)
FNDA:3,(anonymous_6)
FNDA:3,(anonymous_7)
DA:8,1
DA:9,5
DA:11,5
DA:12,3
DA:13,3
DA:14,3
DA:15,3
DA:17,5
DA:18,0
DA:20,5
DA:21,2
DA:23,5
DA:24,3
DA:26,5
DA:27,12
DA:28,12
DA:30,5
DA:31,3
DA:33,5
DA:34,3
DA:37,5
DA:48,1
LF:22
LH:21
BRDA:12,0,0,0
BRDA:12,0,1,3
BRDA:13,1,0,0
BRDA:13,1,1,3
BRF:4
BRH:2
end_of_record
TN:
SF:/Users/sergiofiorotti/Documents/Projetos/superhero/app/config/api.js
FNF:0
FNH:0
DA:1,1
LF:1
LH:1
BRF:0
BRH:0
end_of_record
TN:
SF:/Users/sergiofiorotti/Documents/Projetos/superhero/app/config/mongodb.js
FNF:0
FNH:0
DA:1,1
DA:2,1
DA:3,1
DA:5,1
LF:4
LH:4
BRF:0
BRH:0
end_of_record
TN:
SF:/Users/sergiofiorotti/Documents/Projetos/superhero/app/helpers/acl.js
FN:9,(anonymous_0)
FN:14,(anonymous_1)
FN:33,(anonymous_2)
FN:43,(anonymous_3)
FNF:4
FNH:4
FNDA:1,(anonymous_0)
FNDA:10,(anonymous_1)
FNDA:1,(anonymous_2)
FNDA:1,(anonymous_3)
DA:1,1
DA:2,1
DA:4,1
DA:5,1
DA:7,1
DA:9,1
DA:14,10
DA:33,1
DA:34,1
DA:35,1
DA:37,1
DA:38,1
DA:39,1
DA:40,1
DA:43,1
DA:44,1
DA:45,1
DA:46,1
DA:48,1
DA:49,1
DA:50,1
DA:51,1
DA:56,1
LF:23
LH:23
BRF:0
BRH:0
end_of_record
TN:
SF:/Users/sergiofiorotti/Documents/Projetos/superhero/app/helpers/logger.js
FN:3,(anonymous_0)
FN:3,(anonymous_1)
FNF:2
FNH:2
FNDA:5,(anonymous_0)
FNDA:1,(anonymous_1)
DA:1,1
DA:3,5
DA:5,1
DA:6,1
DA:7,1
DA:8,1
DA:9,1
DA:11,1
LF:8
LH:8
BRF:0
BRH:0
end_of_record
TN:
SF:/Users/sergiofiorotti/Documents/Projetos/superhero/app/middlewares/acl.js
FN:4,(anonymous_0)
FN:16,(anonymous_1)
FN:17,(anonymous_2)
FN:18,(anonymous_3)
FN:19,(anonymous_4)
FN:20,(anonymous_5)
FN:21,(anonymous_6)
FN:22,(anonymous_7)
FN:23,(anonymous_8)
FN:24,(anonymous_9)
FN:25,(anonymous_10)
FN:26,(anonymous_11)
FN:27,(anonymous_12)
FN:28,(anonymous_13)
FN:29,(anonymous_14)
FN:30,(anonymous_15)
FN:31,(anonymous_16)
FNF:17
FNH:15
FNDA:14,(anonymous_0)
FNDA:1,(anonymous_1)
FNDA:1,(anonymous_2)
FNDA:1,(anonymous_3)
FNDA:1,(anonymous_4)
FNDA:1,(anonymous_5)
FNDA:1,(anonymous_6)
FNDA:1,(anonymous_7)
FNDA:1,(anonymous_8)
FNDA:1,(anonymous_9)
FNDA:1,(anonymous_10)
FNDA:1,(anonymous_11)
FNDA:1,(anonymous_12)
FNDA:1,(anonymous_13)
FNDA:1,(anonymous_14)
FNDA:0,(anonymous_15)
FNDA:0,(anonymous_16)
DA:1,1
DA:2,1
DA:4,1
DA:5,14
DA:6,14
DA:7,14
DA:8,0
DA:9,0
DA:10,0
DA:12,14
DA:13,14
DA:16,1
DA:17,1
DA:18,1
DA:19,1
DA:20,1
DA:21,1
DA:22,1
DA:23,1
DA:24,1
DA:25,1
DA:26,1
DA:27,1
DA:28,1
DA:29,1
DA:30,1
DA:31,1
DA:33,1
LF:28
LH:25
BRDA:7,0,0,0
BRDA:7,0,1,14
BRF:2
BRH:1
end_of_record
TN:
SF:/Users/sergiofiorotti/Documents/Projetos/superhero/app/middlewares/audit.js
FN:4,(anonymous_0)
FNF:1
FNH:1
FNDA:14,(anonymous_0)
DA:1,1
DA:2,1
DA:4,1
DA:5,14
DA:7,14
DA:8,5
DA:10,9
DA:11,9
DA:17,9
DA:20,1
LF:10
LH:10
BRDA:7,0,0,5
BRDA:7,0,1,9
BRDA:7,1,0,14
BRDA:7,1,1,11
BRDA:7,1,2,8
BRF:5
BRH:5
end_of_record
TN:
SF:/Users/sergiofiorotti/Documents/Projetos/superhero/app/middlewares/compress.js
FN:6,(anonymous_0)
FNF:1
FNH:1
FNDA:17,(anonymous_0)
DA:1,1
DA:2,1
DA:4,1
DA:7,17
LF:4
LH:4
BRF:0
BRH:0
end_of_record
TN:
SF:/Users/sergiofiorotti/Documents/Projetos/superhero/app/middlewares/cors.js
FNF:0
FNH:0
DA:1,1
DA:2,1
DA:3,1
DA:5,1
LF:4
LH:4
BRF:0
BRH:0
end_of_record
TN:
SF:/Users/sergiofiorotti/Documents/Projetos/superhero/app/middlewares/jwt.js
FNF:0
FNH:0
DA:1,1
DA:2,1
DA:3,1
DA:5,1
LF:4
LH:4
BRF:0
BRH:0
end_of_record
TN:
SF:/Users/sergiofiorotti/Documents/Projetos/superhero/app/modules/audit/audit.model.js
FN:1,(anonymous_0)
FNF:1
FNH:1
FNDA:1,(anonymous_0)
DA:1,1
DA:2,1
DA:3,1
DA:22,1
LF:4
LH:4
BRF:0
BRH:0
end_of_record
TN:
SF:/Users/sergiofiorotti/Documents/Projetos/superhero/app/modules/audit/audit.service.js
FNF:0
FNH:0
DA:1,1
DA:2,1
DA:4,1
LF:3
LH:3
BRF:0
BRH:0
end_of_record
TN:
SF:/Users/sergiofiorotti/Documents/Projetos/superhero/app/modules/auth/auth.controller.js
FN:8,(anonymous_0)
FNF:1
FNH:1
FNDA:3,(anonymous_0)
DA:1,1
DA:2,1
DA:4,1
DA:6,1
DA:8,1
DA:9,3
DA:10,3
DA:11,0
DA:12,0
DA:13,0
DA:15,3
DA:16,3
DA:17,0
DA:18,0
DA:19,0
DA:21,3
DA:22,3
DA:23,0
DA:24,0
DA:25,0
DA:28,3
DA:29,3
DA:30,3
DA:33,1
LF:24
LH:15
BRDA:10,0,0,0
BRDA:10,0,1,3
BRDA:16,1,0,0
BRDA:16,1,1,3
BRDA:22,2,0,0
BRDA:22,2,1,3
BRF:6
BRH:3
end_of_record
TN:
SF:/Users/sergiofiorotti/Documents/Projetos/superhero/app/modules/auth/auth.router.js
FN:7,(anonymous_0)
FN:18,(anonymous_1)
FNF:2
FNH:2
FNDA:1,(anonymous_0)
FNDA:1,(anonymous_1)
DA:1,1
DA:2,1
DA:4,1
DA:5,1
DA:7,1
DA:8,1
DA:10,1
DA:13,1
DA:15,1
DA:18,1
LF:10
LH:10
BRF:0
BRH:0
end_of_record
TN:
SF:/Users/sergiofiorotti/Documents/Projetos/superhero/app/modules/help/help.controller.js
FN:3,(anonymous_0)
FNF:1
FNH:0
FNDA:0,(anonymous_0)
DA:1,1
DA:3,1
DA:7,1
LF:3
LH:3
BRF:0
BRH:0
end_of_record
TN:
SF:/Users/sergiofiorotti/Documents/Projetos/superhero/app/modules/help/help.router.js
FN:7,(anonymous_0)
FN:19,(anonymous_1)
FNF:2
FNH:2
FNDA:1,(anonymous_0)
FNDA:1,(anonymous_1)
DA:1,1
DA:2,1
DA:4,1
DA:5,1
DA:7,1
DA:8,1
DA:10,1
DA:14,1
DA:16,1
DA:19,1
LF:10
LH:10
BRF:0
BRH:0
end_of_record
TN:
SF:/Users/sergiofiorotti/Documents/Projetos/superhero/app/modules/help/help.service.js
FNF:0
FNH:0
DA:1,1
LF:1
LH:1
BRF:0
BRH:0
end_of_record
TN:
SF:/Users/sergiofiorotti/Documents/Projetos/superhero/app/modules/superhero/superhero.controller.js
FNF:0
FNH:0
DA:1,1
DA:3,1
DA:4,1
DA:6,1
LF:4
LH:4
BRF:0
BRH:0
end_of_record
TN:
SF:/Users/sergiofiorotti/Documents/Projetos/superhero/app/modules/superhero/superhero.model.js
FN:1,(anonymous_0)
FNF:1
FNH:1
FNDA:1,(anonymous_0)
DA:1,1
DA:2,1
DA:3,1
DA:31,1
LF:4
LH:4
BRF:0
BRH:0
end_of_record
TN:
SF:/Users/sergiofiorotti/Documents/Projetos/superhero/app/modules/superhero/superhero.router.js
FN:9,(anonymous_0)
FN:28,(anonymous_1)
FNF:2
FNH:2
FNDA:1,(anonymous_0)
FNDA:1,(anonymous_1)
DA:1,1
DA:2,1
DA:4,1
DA:5,1
DA:7,1
DA:9,1
DA:10,1
DA:12,1
DA:15,1
DA:17,1
DA:19,1
DA:21,1
DA:23,1
DA:25,1
DA:28,1
LF:15
LH:15
BRF:0
BRH:0
end_of_record
TN:
SF:/Users/sergiofiorotti/Documents/Projetos/superhero/app/modules/superhero/superhero.service.js
FN:3,(anonymous_0)
FNF:1
FNH:1
FNDA:1,(anonymous_0)
DA:1,1
DA:3,1
DA:4,1
DA:7,1
LF:4
LH:4
BRF:0
BRH:0
end_of_record
TN:
SF:/Users/sergiofiorotti/Documents/Projetos/superhero/app/modules/superpower/superpower.controller.js
FN:8,(anonymous_0)
FNF:1
FNH:1
FNDA:1,(anonymous_0)
DA:1,1
DA:3,1
DA:4,1
DA:6,1
DA:8,1
DA:9,1
DA:10,1
DA:11,0
DA:12,0
DA:13,0
DA:15,1
DA:18,1
LF:12
LH:9
BRDA:10,0,0,0
BRDA:10,0,1,1
BRDA:10,1,0,1
BRDA:10,1,1,1
BRF:4
BRH:3
end_of_record
TN:
SF:/Users/sergiofiorotti/Documents/Projetos/superhero/app/modules/superpower/superpower.model.js
FN:1,(anonymous_0)
FNF:1
FNH:1
FNDA:1,(anonymous_0)
DA:1,1
DA:2,1
DA:3,1
DA:13,1
LF:4
LH:4
BRF:0
BRH:0
end_of_record
TN:
SF:/Users/sergiofiorotti/Documents/Projetos/superhero/app/modules/superpower/superpower.router.js
FN:9,(anonymous_0)
FN:28,(anonymous_1)
FNF:2
FNH:2
FNDA:1,(anonymous_0)
FNDA:1,(anonymous_1)
DA:1,1
DA:2,1
DA:4,1
DA:5,1
DA:7,1
DA:9,1
DA:10,1
DA:12,1
DA:15,1
DA:17,1
DA:19,1
DA:21,1
DA:23,1
DA:25,1
DA:28,1
LF:15
LH:15
BRF:0
BRH:0
end_of_record
TN:
SF:/Users/sergiofiorotti/Documents/Projetos/superhero/app/modules/superpower/superpower.service.js
FNF:0
FNH:0
DA:1,1
LF:1
LH:1
BRF:0
BRH:0
end_of_record
TN:
SF:/Users/sergiofiorotti/Documents/Projetos/superhero/app/modules/user/user.controller.js
FN:8,(anonymous_0)
FNF:1
FNH:1
FNDA:1,(anonymous_0)
DA:1,1
DA:3,1
DA:5,1
DA:6,1
DA:8,1
DA:9,1
DA:10,0
DA:11,0
DA:12,0
DA:14,1
DA:15,1
DA:16,1
DA:18,1
DA:21,1
LF:14
LH:11
BRDA:9,0,0,0
BRDA:9,0,1,1
BRDA:16,1,0,1
BRDA:16,1,1,0
BRF:4
BRH:2
end_of_record
TN:
SF:/Users/sergiofiorotti/Documents/Projetos/superhero/app/modules/user/user.model.js
FN:1,(anonymous_0)
FNF:1
FNH:1
FNDA:1,(anonymous_0)
DA:1,1
DA:2,1
DA:3,1
DA:17,1
LF:4
LH:4
BRF:0
BRH:0
end_of_record
TN:
SF:/Users/sergiofiorotti/Documents/Projetos/superhero/app/modules/user/user.router.js
FN:9,(anonymous_0)
FN:26,(anonymous_1)
FNF:2
FNH:2
FNDA:1,(anonymous_0)
FNDA:1,(anonymous_1)
DA:1,1
DA:2,1
DA:4,1
DA:5,1
DA:7,1
DA:9,1
DA:10,1
DA:12,1
DA:15,1
DA:17,1
DA:19,1
DA:21,1
DA:23,1
DA:26,1
LF:14
LH:14
BRF:0
BRH:0
end_of_record
TN:
SF:/Users/sergiofiorotti/Documents/Projetos/superhero/app/modules/user/user.service.js
FNF:0
FNH:0
DA:1,1
DA:2,1
DA:4,1
LF:3
LH:3
BRF:0
BRH:0
end_of_record
